-Xajruntimetarget:1.5
-Xlint:ignore
-encoding
UTF-8
-showWeaveInfo
-source
8
-target
8
-verbose
-classpath
C:\mvn_repo\com\elminster\commons\1.20.0-SNAPSHOT\commons-1.20.0-SNAPSHOT.jar;C:\mvn_repo\org\aspectj\aspectjrt\1.8.13\aspectjrt-1.8.13.jar;C:\mvn_repo\org\aspectj\aspectjweaver\1.8.13\aspectjweaver-1.8.13.jar;C:\mvn_repo\ch\qos\logback\logback-core\1.2.3\logback-core-1.2.3.jar;C:\mvn_repo\ch\qos\logback\logback-classic\1.2.3\logback-classic-1.2.3.jar;C:\mvn_repo\org\slf4j\slf4j-api\1.7.25\slf4j-api-1.7.25.jar;C:\mvn_repo\org\apache\commons\commons-lang3\3.9\commons-lang3-3.9.jar;C:\mvn_repo\commons-io\commons-io\2.6\commons-io-2.6.jar;C:\mvn_repo\org\apache\commons\commons-text\1.8\commons-text-1.8.jar;C:\github\workflow-engine\core\target\classes
-d
C:\github\workflow-engine\core\target\classes
C:\github\workflow-engine\core\src\main\java\com\elminster\workflow\core\component\base\ComponentBase.java
C:\github\workflow-engine\core\src\main\java\com\elminster\workflow\core\component\base\EmptyComponent.java
C:\github\workflow-engine\core\src\main\java\com\elminster\workflow\core\component\base\EvalComponent.java
C:\github\workflow-engine\core\src\main\java\com\elminster\workflow\core\component\base\FunctionComponent.java
C:\github\workflow-engine\core\src\main\java\com\elminster\workflow\core\component\Component.java
C:\github\workflow-engine\core\src\main\java\com\elminster\workflow\core\component\control\ControlComponent.java
C:\github\workflow-engine\core\src\main\java\com\elminster\workflow\core\component\control\DoWhileComponent.java
C:\github\workflow-engine\core\src\main\java\com\elminster\workflow\core\component\control\IfElseComponent.java
C:\github\workflow-engine\core\src\main\java\com\elminster\workflow\core\component\control\LoopComponent.java
C:\github\workflow-engine\core\src\main\java\com\elminster\workflow\core\component\control\WhileComponent.java
C:\github\workflow-engine\core\src\main\java\com\elminster\workflow\core\component\data\Adaptable.java
C:\github\workflow-engine\core\src\main\java\com\elminster\workflow\core\component\data\AnyFlowData.java
C:\github\workflow-engine\core\src\main\java\com\elminster\workflow\core\component\data\BooleanFlowData.java
C:\github\workflow-engine\core\src\main\java\com\elminster\workflow\core\component\data\FlowData.java
C:\github\workflow-engine\core\src\main\java\com\elminster\workflow\core\component\data\FlowDataBase.java
C:\github\workflow-engine\core\src\main\java\com\elminster\workflow\core\component\data\StringFlowData.java
C:\github\workflow-engine\core\src\main\java\com\elminster\workflow\core\component\func\LogComponent.java
C:\github\workflow-engine\core\src\main\java\com\elminster\workflow\core\component\func\string\StringComponent.java
C:\github\workflow-engine\core\src\main\java\com\elminster\workflow\core\component\Versionable.java
C:\github\workflow-engine\core\src\main\java\com\elminster\workflow\core\context\FlowContext.java
C:\github\workflow-engine\core\src\main\java\com\elminster\workflow\core\context\FlowContextImpl.java
C:\github\workflow-engine\core\src\main\java\com\elminster\workflow\core\context\LoopContext.java
C:\github\workflow-engine\core\src\main\java\com\elminster\workflow\core\context\LoopContextImpl.java
C:\github\workflow-engine\core\src\main\java\com\elminster\workflow\core\debug\Debugable.java
C:\github\workflow-engine\core\src\main\java\com\elminster\workflow\core\Engine.java
